-outxml
-source
6
-target
6
-classpath
/Users/sacalbon/.m2/repository/antlr/antlr/2.7.6/antlr-2.7.6.jar:/Users/sacalbon/.m2/repository/aopalliance/aopalliance/1.0/aopalliance-1.0.jar:/Users/sacalbon/.m2/repository/cglib/cglib-nodep/2.2.2/cglib-nodep-2.2.2.jar:/Users/sacalbon/.m2/repository/commons-beanutils/commons-beanutils/1.8.0/commons-beanutils-1.8.0.jar:/Users/sacalbon/.m2/repository/commons-codec/commons-codec/1.5/commons-codec-1.5.jar:/Users/sacalbon/.m2/repository/commons-collections/commons-collections/3.2.1/commons-collections-3.2.1.jar:/Users/sacalbon/.m2/repository/commons-dbcp/commons-dbcp/1.3/commons-dbcp-1.3.jar:/Users/sacalbon/.m2/repository/commons-digester/commons-digester/2.0/commons-digester-2.0.jar:/Users/sacalbon/.m2/repository/commons-lang/commons-lang/2.5/commons-lang-2.5.jar:/Users/sacalbon/.m2/repository/commons-logging/commons-logging/1.1.1/commons-logging-1.1.1.jar:/Users/sacalbon/.m2/repository/commons-pool/commons-pool/1.5.6/commons-pool-1.5.6.jar:/Users/sacalbon/.m2/repository/dom4j/dom4j/1.6.1/dom4j-1.6.1.jar:/Users/sacalbon/.m2/repository/javassist/javassist/3.12.0.GA/javassist-3.12.0.GA.jar:/Users/sacalbon/.m2/repository/javax/el/el-api/1.0/el-api-1.0.jar:/Users/sacalbon/.m2/repository/javax/persistence/persistence-api/1.0/persistence-api-1.0.jar:/Users/sacalbon/.m2/repository/javax/servlet/jstl/1.1.2/jstl-1.1.2.jar:/Users/sacalbon/.m2/repository/javax/servlet/servlet-api/2.5/servlet-api-2.5.jar:/Users/sacalbon/.m2/repository/javax/servlet/jsp/jsp-api/2.1/jsp-api-2.1.jar:/Users/sacalbon/.m2/repository/javax/transaction/jta/1.1/jta-1.1.jar:/Users/sacalbon/.m2/repository/javax/validation/validation-api/1.0.0.GA/validation-api-1.0.0.GA.jar:/Users/sacalbon/.m2/repository/joda-time/joda-time/1.6/joda-time-1.6.jar:/Users/sacalbon/.m2/repository/log4j/log4j/1.2.17/log4j-1.2.17.jar:/Users/sacalbon/.m2/repository/net/sf/ezmorph/ezmorph/1.0.6/ezmorph-1.0.6.jar:/Users/sacalbon/.m2/repository/net/sf/flexjson/flexjson/2.1/flexjson-2.1.jar:/Users/sacalbon/.m2/repository/net/sf/json-lib/json-lib/2.4/json-lib-2.4-jdk15.jar:/Users/sacalbon/.m2/repository/net/sf/opencsv/opencsv/2.3/opencsv-2.3.jar:/Users/sacalbon/.m2/repository/org/apache/commons/commons-lang3/3.1/commons-lang3-3.1.jar:/Users/sacalbon/.m2/repository/org/apache/httpcomponents/httpclient/4.1.3/httpclient-4.1.3.jar:/Users/sacalbon/.m2/repository/org/apache/httpcomponents/httpcore/4.1.4/httpcore-4.1.4.jar:/Users/sacalbon/.m2/repository/org/apache/tiles/tiles-api/2.2.2/tiles-api-2.2.2.jar:/Users/sacalbon/.m2/repository/org/apache/tiles/tiles-core/2.2.2/tiles-core-2.2.2.jar:/Users/sacalbon/.m2/repository/org/apache/tiles/tiles-jsp/2.2.2/tiles-jsp-2.2.2.jar:/Users/sacalbon/.m2/repository/org/apache/tiles/tiles-servlet/2.2.2/tiles-servlet-2.2.2.jar:/Users/sacalbon/.m2/repository/org/apache/tiles/tiles-template/2.2.2/tiles-template-2.2.2.jar:/Users/sacalbon/.m2/repository/org/aspectj/aspectjrt/1.6.12/aspectjrt-1.6.12.jar:/Users/sacalbon/.m2/repository/org/aspectj/aspectjweaver/1.6.12/aspectjweaver-1.6.12.jar:/Users/sacalbon/.m2/repository/org/codehaus/jackson/jackson-core-asl/1.9.12/jackson-core-asl-1.9.12.jar:/Users/sacalbon/.m2/repository/org/codehaus/jackson/jackson-core-lgpl/1.3.0/jackson-core-lgpl-1.3.0.jar:/Users/sacalbon/.m2/repository/org/codehaus/jackson/jackson-jaxrs/1.9.12/jackson-jaxrs-1.9.12.jar:/Users/sacalbon/.m2/repository/org/codehaus/jackson/jackson-mapper-asl/1.9.12/jackson-mapper-asl-1.9.12.jar:/Users/sacalbon/.m2/repository/org/codehaus/jackson/jackson-mapper-lgpl/1.3.0/jackson-mapper-lgpl-1.3.0.jar:/Users/sacalbon/.m2/repository/org/codehaus/jackson/jackson-xc/1.3.0/jackson-xc-1.3.0.jar:/Users/sacalbon/.m2/repository/org/hibernate/hibernate-commons-annotations/3.2.0.Final/hibernate-commons-annotations-3.2.0.Final.jar:/Users/sacalbon/.m2/repository/org/hibernate/hibernate-core/3.6.9.Final/hibernate-core-3.6.9.Final.jar:/Users/sacalbon/.m2/repository/org/hibernate/hibernate-entitymanager/3.6.9.Final/hibernate-entitymanager-3.6.9.Final.jar:/Users/sacalbon/.m2/repository/org/hibernate/hibernate-validator/4.2.0.Final/hibernate-validator-4.2.0.Final.jar:/Users/sacalbon/.m2/repository/org/hibernate/javax/persistence/hibernate-jpa-2.0-api/1.0.1.Final/hibernate-jpa-2.0-api-1.0.1.Final.jar:/Users/sacalbon/.m2/repository/org/slf4j/jcl-over-slf4j/1.6.4/jcl-over-slf4j-1.6.4.jar:/Users/sacalbon/.m2/repository/org/slf4j/slf4j-api/1.6.4/slf4j-api-1.6.4.jar:/Users/sacalbon/.m2/repository/org/slf4j/slf4j-log4j12/1.6.4/slf4j-log4j12-1.6.4.jar:/Users/sacalbon/.m2/repository/org/springframework/spring-aop/3.2.1.RELEASE/spring-aop-3.2.1.RELEASE.jar:/Users/sacalbon/.m2/repository/org/springframework/spring-aspects/3.2.1.RELEASE/spring-aspects-3.2.1.RELEASE.jar:/Users/sacalbon/.m2/repository/org/springframework/spring-beans/3.2.1.RELEASE/spring-beans-3.2.1.RELEASE.jar:/Users/sacalbon/.m2/repository/org/springframework/spring-context/3.2.1.RELEASE/spring-context-3.2.1.RELEASE.jar:/Users/sacalbon/.m2/repository/org/springframework/spring-context-support/3.2.1.RELEASE/spring-context-support-3.2.1.RELEASE.jar:/Users/sacalbon/.m2/repository/org/springframework/spring-core/3.2.1.RELEASE/spring-core-3.2.1.RELEASE.jar:/Users/sacalbon/.m2/repository/org/springframework/spring-expression/3.2.1.RELEASE/spring-expression-3.2.1.RELEASE.jar:/Users/sacalbon/.m2/repository/org/springframework/spring-jdbc/3.2.1.RELEASE/spring-jdbc-3.2.1.RELEASE.jar:/Users/sacalbon/.m2/repository/org/springframework/spring-orm/3.2.1.RELEASE/spring-orm-3.2.1.RELEASE.jar:/Users/sacalbon/.m2/repository/org/springframework/spring-tx/3.2.1.RELEASE/spring-tx-3.2.1.RELEASE.jar:/Users/sacalbon/.m2/repository/org/springframework/spring-web/3.2.1.RELEASE/spring-web-3.2.1.RELEASE.jar:/Users/sacalbon/.m2/repository/org/springframework/spring-webmvc/3.2.1.RELEASE/spring-webmvc-3.2.1.RELEASE.jar:/Users/sacalbon/.m2/repository/org/springframework/security/spring-security-acl/3.1.0.RELEASE/spring-security-acl-3.1.0.RELEASE.jar:/Users/sacalbon/.m2/repository/org/springframework/security/spring-security-config/3.1.0.RELEASE/spring-security-config-3.1.0.RELEASE.jar:/Users/sacalbon/.m2/repository/org/springframework/security/spring-security-core/3.1.0.RELEASE/spring-security-core-3.1.0.RELEASE.jar:/Users/sacalbon/.m2/repository/org/springframework/security/spring-security-crypto/3.1.0.RELEASE/spring-security-crypto-3.1.0.RELEASE.jar:/Users/sacalbon/.m2/repository/org/springframework/security/spring-security-taglibs/3.1.0.RELEASE/spring-security-taglibs-3.1.0.RELEASE.jar:/Users/sacalbon/.m2/repository/org/springframework/security/spring-security-web/3.1.0.RELEASE/spring-security-web-3.1.0.RELEASE.jar:/Users/sacalbon/.m2/repository/postgresql/postgresql/9.1-901.jdbc4/postgresql-9.1-901.jdbc4.jar:/Users/sacalbon/.m2/repository/taglibs/standard/1.1.2/standard-1.1.2.jar:/Users/sacalbon/java/ldf8/DataFeeds/target/classes
-aspectpath
/Users/sacalbon/.m2/repository/org/springframework/spring-aspects/3.2.1.RELEASE/spring-aspects-3.2.1.RELEASE.jar
-d
/Users/sacalbon/java/ldf8/DataFeeds/target/classes
/Users/sacalbon/java/ldf8/DataFeeds/src/main/java/au/edu/qut/ife/ldf/Service/ProjectService.java
/Users/sacalbon/java/ldf8/DataFeeds/src/main/java/au/edu/qut/ife/ldf/Model/DAO/ChartDAO.java
/Users/sacalbon/java/ldf8/DataFeeds/src/main/java/au/edu/qut/ife/ldf/Controller/MapController.java
/Users/sacalbon/java/ldf8/DataFeeds/src/main/java/au/edu/qut/ife/ldf/Model/Impl/FeedDAOImpl.java
/Users/sacalbon/java/ldf8/DataFeeds/src/main/java/au/edu/qut/ife/ldf/Model/Cr800.java
/Users/sacalbon/java/ldf8/DataFeeds/src/main/java/au/edu/qut/ife/ldf/Controller/ShowChartController.java
/Users/sacalbon/java/ldf8/DataFeeds/src/main/java/au/edu/qut/ife/ldf/Service/SyncWorker.java
/Users/sacalbon/java/ldf8/DataFeeds/src/main/java/au/edu/qut/ife/ldf/Service/Impl/ProjectServiceImpl.java
/Users/sacalbon/java/ldf8/DataFeeds/src/main/java/au/edu/qut/ife/ldf/Service/SchedulerService.java
/Users/sacalbon/java/ldf8/DataFeeds/src/main/java/au/edu/qut/ife/ldf/Util/ChartUtil.java
/Users/sacalbon/java/ldf8/DataFeeds/src/main/java/au/edu/qut/ife/ldf/Controller/FileController.java
/Users/sacalbon/java/ldf8/DataFeeds/src/main/java/au/edu/qut/ife/ldf/Controller/AjaxController.java
/Users/sacalbon/java/ldf8/DataFeeds/src/main/java/au/edu/qut/ife/ldf/Model/DAO/ScriptDAO.java
/Users/sacalbon/java/ldf8/DataFeeds/src/main/java/au/edu/qut/ife/ldf/Service/Impl/LocationServiceImpl.java
/Users/sacalbon/java/ldf8/DataFeeds/src/main/java/au/edu/qut/ife/ldf/Model/Project.java
/Users/sacalbon/java/ldf8/DataFeeds/src/main/java/au/edu/qut/ife/ldf/Controller/AdminController.java
/Users/sacalbon/java/ldf8/DataFeeds/src/main/java/au/edu/qut/ife/ldf/Service/Impl/FeedServiceImpl.java
/Users/sacalbon/java/ldf8/DataFeeds/src/main/java/au/edu/qut/ife/ldf/Model/Location.java
/Users/sacalbon/java/ldf8/DataFeeds/src/main/java/au/edu/qut/ife/ldf/Model/Folder.java
/Users/sacalbon/java/ldf8/DataFeeds/src/main/java/au/edu/qut/ife/ldf/Service/ChartService.java
/Users/sacalbon/java/ldf8/DataFeeds/src/main/java/au/edu/qut/ife/ldf/Model/DAO/LocationDAO.java
/Users/sacalbon/java/ldf8/DataFeeds/src/main/java/au/edu/qut/ife/ldf/Model/Impl/ChartDAOImpl.java
/Users/sacalbon/java/ldf8/DataFeeds/src/main/java/au/edu/qut/ife/ldf/Service/Worker.java
/Users/sacalbon/java/ldf8/DataFeeds/src/main/java/au/edu/qut/ife/ldf/Service/Impl/ScriptServiceImpl.java
/Users/sacalbon/java/ldf8/DataFeeds/src/main/java/au/edu/qut/ife/ldf/Service/FeedService.java
/Users/sacalbon/java/ldf8/DataFeeds/src/main/java/au/edu/qut/ife/ldf/Controller/LocationController.java
/Users/sacalbon/java/ldf8/DataFeeds/src/main/java/au/edu/qut/ife/ldf/Model/DAO/FeedDAO.java
/Users/sacalbon/java/ldf8/DataFeeds/src/main/java/au/edu/qut/ife/ldf/Model/Chart.java
/Users/sacalbon/java/ldf8/DataFeeds/src/main/java/au/edu/qut/ife/ldf/Model/Impl/LocationDAOImpl.java
/Users/sacalbon/java/ldf8/DataFeeds/src/main/java/au/edu/qut/ife/ldf/Model/Script.java
/Users/sacalbon/java/ldf8/DataFeeds/src/main/java/au/edu/qut/ife/ldf/Service/ArithmeticService.java
/Users/sacalbon/java/ldf8/DataFeeds/src/main/java/au/edu/qut/ife/ldf/Service/LocationService.java
/Users/sacalbon/java/ldf8/DataFeeds/src/main/java/au/edu/qut/ife/ldf/Controller/ScriptController.java
/Users/sacalbon/java/ldf8/DataFeeds/src/main/java/au/edu/qut/ife/ldf/Controller/ChartController.java
/Users/sacalbon/java/ldf8/DataFeeds/src/main/java/au/edu/qut/ife/ldf/Service/Impl/ChartServiceImpl.java
/Users/sacalbon/java/ldf8/DataFeeds/src/main/java/au/edu/qut/ife/ldf/Controller/ImageController.java
/Users/sacalbon/java/ldf8/DataFeeds/src/main/java/au/edu/qut/ife/ldf/Model/DAO/ProjectDAO.java
/Users/sacalbon/java/ldf8/DataFeeds/src/main/java/au/edu/qut/ife/ldf/Model/Impl/ProjectDAOImpl.java
/Users/sacalbon/java/ldf8/DataFeeds/src/main/java/au/edu/qut/ife/ldf/Service/ScriptService.java
/Users/sacalbon/java/ldf8/DataFeeds/src/main/java/au/edu/qut/ife/ldf/Model/Feed.java
/Users/sacalbon/java/ldf8/DataFeeds/src/main/java/au/edu/qut/ife/ldf/Model/Impl/ScriptDAOImpl.java
/Users/sacalbon/java/ldf8/DataFeeds/src/main/java/au/edu/qut/ife/ldf/Controller/FeedControler.java
